[portfolio-9ecfbb.webflow.io/index.html]
[backblue.gif]
[fade.gif]
[index.html]
[uploads-ssl.webflow.com/5f64c0487f4e2d301c141879/css/portfolio-9ecfbb.webflow.81a8eccdb.css]
[ajax.googleapis.com/ajax/libs/webfont/1.6.26/webfont.js]
[uploads-ssl.webflow.com/img/webclip.png]
[uploads-ssl.webflow.com/5f64c0487f4e2d301c141879/5f64c0481876301438758c5b_menu-icon.png]
[portfolio-9ecfbb.webflow.io/work/expatwise.html]
[uploads-ssl.webflow.com/5f64c0487f4e2d301c141879/5f64f99d637f802e1600aaff_Cover 1.png]
[uploads-ssl.webflow.com/5f64c0487f4e2d301c141879/5f64f9aebd65a66b862a4ca0_Cover 2.png]
[d3e54v103j8qbb.cloudfront.net/js/jquery-3.5.1.min.dc5e7f18c8b052.js]
[portfolio-9ecfbb.webflow.io/index.html]
[uploads-ssl.webflow.com/5f64c0487f4e2d301c141879/js/webflow.7e0c7f57b.js]
[uploads-ssl.webflow.com/5f64c0487f4e2d301c141879/css/portfolio-9ecfbb.webflow.81a8eccdb.css]
[uploads-ssl.webflow.com/5f64c0487f4e2d301c141879/5f650a690941aa0885822b7b_Cover.png]
[uploads-ssl.webflow.com/5f64c0487f4e2d301c141879/5f64f0413f7313bd90731b4a_Process.png]
[uploads-ssl.webflow.com/5f64c0487f4e2d301c141879/5f675df4b4d0cd71201c46dd_Image_solution.png]
[uploads-ssl.webflow.com/5f64c0487f4e2d301c141879/5f674ea203a8b25fc68a773c_Image_user 1.png]
[uploads-ssl.webflow.com/5f64c0487f4e2d301c141879/5f674ead6ca32590cd10ac77_Image_user 2.png]
[uploads-ssl.webflow.com/5f64c0487f4e2d301c141879/5f674ec0e22a357813d190cd_Image_user 3.png]
[uploads-ssl.webflow.com/5f64c0487f4e2d301c141879/5f674dd82850f229aeb3dade_Image_persona.png]
[uploads-ssl.webflow.com/5f64c0487f4e2d301c141879/5f6751315c4f1e93847dd198_Image_journey.png]
[uploads-ssl.webflow.com/5f64c0487f4e2d301c141879/5f6751510e69d4a6f947026b_Image_flow.png]
[uploads-ssl.webflow.com/5f64c0487f4e2d301c141879/5f67516cfa641b04b4f8d9cd_Image_sitemap.png]
[uploads-ssl.webflow.com/5f64c0487f4e2d301c141879/5f675d2d03a8b250378a8ee9_Image_prototype.png]
[uploads-ssl.webflow.com/5f64c0487f4e2d301c141879/5f67573bfdc039101d7ac859_Image_affinity map.png]
[uploads-ssl.webflow.com/5f64c0487f4e2d301c141879/5f67575194338c321c642e0d_Image_ui.png]
[portfolio-9ecfbb.webflow.io/work/expatwise.html]
