[web/2asjcmxk.html]
[backblue.gif]
[fade.gif]
[index.html]
[web/2asjcmxk.html]
[web/k38d7jsg.html]
[web/k38d7jsg.html]
[web/ev6rj69v.js]
[web/2v65duhn.css]
[web/e3ah580f.png]
[web/m99bh-rp.png]
[web/7vzb20zb.png]
[web/k38d7jsg.html]
[web/k38d7jsg.html]
[web/i_x59425.js]
[web/_e7dqvw6.js]
[web/ul_m1b6w.png]
[web/3mc-bf4j.png]
[web/lwzwqeq1.png]
[web/k7t-84na.png]
[web/un_2exdh.png]
[web/c8hm73-d.png]
[web/-ulcbcxp.png]
[web/8nmih6rl.png]
[web/b3hiac8w.png]
[web/e--3_qfs.png]
[web/n6zuf-a4.png]
[web/h2hgbz17.png]
[web/xbg0ekq-.png]
[web/5-_hwcm-.png]
